This file contains any messages produced by compilers while
running configure, to aid debugging if configure makes a mistake.

It was created by Apertium Khasi configure 0.1.0, which was
generated by GNU Autoconf 2.69.  Invocation command line was

  $ ./configure 

## --------- ##
## Platform. ##
## --------- ##

hostname = debian
uname -m = x86_64
uname -r = 3.16.0-4-amd64
uname -s = Linux
uname -v = #1 SMP Debian 3.16.36-1+deb8u2 (2016-10-19)

/usr/bin/uname -p = unknown
/bin/uname -X     = unknown

/bin/arch              = unknown
/usr/bin/arch -k       = unknown
/usr/convex/getsysinfo = unknown
/usr/bin/hostinfo      = unknown
/bin/machine           = unknown
/usr/bin/oslevel       = unknown
/bin/universe          = unknown

PATH: /usr/local/bin
PATH: /usr/bin
PATH: /bin
PATH: /usr/local/games
PATH: /usr/games
PATH: /usr/local/bin


## ----------- ##
## Core tests. ##
## ----------- ##

configure:1793: checking for a BSD-compatible install
configure:1861: result: /usr/bin/install -c
configure:1872: checking whether build environment is sane
configure:1927: result: yes
configure:2078: checking for a thread-safe mkdir -p
configure:2117: result: /bin/mkdir -p
configure:2124: checking for gawk
configure:2140: found /usr/bin/gawk
configure:2151: result: gawk
configure:2162: checking whether make sets $(MAKE)
configure:2184: result: yes
configure:2213: checking whether make supports nested variables
configure:2230: result: yes
configure:2357: checking whether ln -s works
configure:2361: result: yes
configure:2372: checking for gawk
configure:2399: result: gawk
configure:2473: checking for pkg-config
configure:2491: found /usr/bin/pkg-config
configure:2503: result: /usr/bin/pkg-config
configure:2528: checking pkg-config is at least version 0.9.0
configure:2531: result: yes
configure:2650: checking for APERTIUM
configure:2657: $PKG_CONFIG --exists --print-errors "apertium >= 3.4.0"
configure:2660: $? = 0
configure:2674: $PKG_CONFIG --exists --print-errors "apertium >= 3.4.0"
configure:2677: $? = 0
configure:2735: result: yes
configure:2742: checking for hfst-lexc
configure:2760: found /usr/bin/hfst-lexc
configure:2773: result: /usr/bin/hfst-lexc
configure:2787: checking for hfst-twolc
configure:2805: found /usr/bin/hfst-twolc
configure:2818: result: /usr/bin/hfst-twolc
configure:2832: checking for cg-comp
configure:2850: found /usr/bin/cg-comp
configure:2863: result: /usr/bin/cg-comp
configure:3088: checking that generated files are newer than configure
configure:3094: result: done
configure:3106: creating ./config.status

## ---------------------- ##
## Running config.status. ##
## ---------------------- ##

This file was extended by Apertium Khasi config.status 0.1.0, which was
generated by GNU Autoconf 2.69.  Invocation command line was

  CONFIG_FILES    = 
  CONFIG_HEADERS  = 
  CONFIG_LINKS    = 
  CONFIG_COMMANDS = 
  $ ./config.status 

on debian

config.status:785: creating Makefile
config.status:785: creating apertium-kha.pc

## ---------------- ##
## Cache variables. ##
## ---------------- ##

ac_cv_env_APERTIUM_CFLAGS_set=
ac_cv_env_APERTIUM_CFLAGS_value=
ac_cv_env_APERTIUM_LIBS_set=
ac_cv_env_APERTIUM_LIBS_value=
ac_cv_env_HFSTOSPELL_CFLAGS_set=
ac_cv_env_HFSTOSPELL_CFLAGS_value=
ac_cv_env_HFSTOSPELL_LIBS_set=
ac_cv_env_HFSTOSPELL_LIBS_value=
ac_cv_env_PKG_CONFIG_LIBDIR_set=
ac_cv_env_PKG_CONFIG_LIBDIR_value=
ac_cv_env_PKG_CONFIG_PATH_set=set
ac_cv_env_PKG_CONFIG_PATH_value=:/usr/local/share/pkgconfig:/usr/local/lib/pkgconfig
ac_cv_env_PKG_CONFIG_set=
ac_cv_env_PKG_CONFIG_value=
ac_cv_env_build_alias_set=
ac_cv_env_build_alias_value=
ac_cv_env_host_alias_set=
ac_cv_env_host_alias_value=
ac_cv_env_target_alias_set=
ac_cv_env_target_alias_value=
ac_cv_path_CGCOMP=/usr/bin/cg-comp
ac_cv_path_HFSTLEXC=/usr/bin/hfst-lexc
ac_cv_path_HFSTTWOLC=/usr/bin/hfst-twolc
ac_cv_path_ac_pt_PKG_CONFIG=/usr/bin/pkg-config
ac_cv_path_install='/usr/bin/install -c'
ac_cv_path_mkdir=/bin/mkdir
ac_cv_prog_AWK=gawk
ac_cv_prog_make_make_set=yes
am_cv_make_support_nested_variables=yes
pkg_cv_APERTIUM_CFLAGS='-I/usr/include/apertium-3.4 -I/usr/lib/x86_64-linux-gnu/apertium-3.4/include -I/usr/include/lttoolbox-3.3 -I/usr/lib/x86_64-linux-gnu/lttoolbox-3.3/include -I/usr/include/libxml2 '
pkg_cv_APERTIUM_LIBS='-lapertium3 -llttoolbox3 -lxml2 -lpcre '

## ----------------- ##
## Output variables. ##
## ----------------- ##

ACLOCAL='${SHELL} /home/swatstudent/Source/Khasi_Transducer/missing aclocal-1.14'
AMTAR='$${TAR-tar}'
AM_BACKSLASH='\'
AM_DEFAULT_V='$(AM_DEFAULT_VERBOSITY)'
AM_DEFAULT_VERBOSITY='1'
AM_V='$(V)'
APERTIUM_CFLAGS='-I/usr/include/apertium-3.4 -I/usr/lib/x86_64-linux-gnu/apertium-3.4/include -I/usr/include/lttoolbox-3.3 -I/usr/lib/x86_64-linux-gnu/lttoolbox-3.3/include -I/usr/include/libxml2 '
APERTIUM_LIBS='-lapertium3 -llttoolbox3 -lxml2 -lpcre '
AUTOCONF='${SHELL} /home/swatstudent/Source/Khasi_Transducer/missing autoconf'
AUTOHEADER='${SHELL} /home/swatstudent/Source/Khasi_Transducer/missing autoheader'
AUTOMAKE='${SHELL} /home/swatstudent/Source/Khasi_Transducer/missing automake-1.14'
AWK='gawk'
CGCOMP='/usr/bin/cg-comp'
CYGPATH_W='echo'
DEFS='-DPACKAGE_NAME=\"Apertium\ Khasi\" -DPACKAGE_TARNAME=\"apertium-kha\" -DPACKAGE_VERSION=\"0.1.0\" -DPACKAGE_STRING=\"Apertium\ Khasi\ 0.1.0\" -DPACKAGE_BUGREPORT=\"apertium-stuff@lists.sourceforge.net\" -DPACKAGE_URL=\"http://wiki.apertium.org/wiki/Apertium-kha\" -DPACKAGE=\"apertium-kha\" -DVERSION=\"0.1.0\"'
ECHO_C=''
ECHO_N='-n'
ECHO_T=''
HAVE_HFSTOSPELL_FALSE=''
HAVE_HFSTOSPELL_TRUE='#'
HFSTLEXC='/usr/bin/hfst-lexc'
HFSTOSPELL_CFLAGS=''
HFSTOSPELL_LIBS=''
HFSTTWOLC='/usr/bin/hfst-twolc'
INSTALL_DATA='${INSTALL} -m 644'
INSTALL_PROGRAM='${INSTALL}'
INSTALL_SCRIPT='${INSTALL}'
INSTALL_STRIP_PROGRAM='$(install_sh) -c -s'
LIBOBJS=''
LIBS=''
LN_S='ln -s'
LTLIBOBJS=''
MAKEINFO='${SHELL} /home/swatstudent/Source/Khasi_Transducer/missing makeinfo'
MKDIR_P='/bin/mkdir -p'
PACKAGE='apertium-kha'
PACKAGE_BUGREPORT='apertium-stuff@lists.sourceforge.net'
PACKAGE_NAME='Apertium Khasi'
PACKAGE_STRING='Apertium Khasi 0.1.0'
PACKAGE_TARNAME='apertium-kha'
PACKAGE_URL='http://wiki.apertium.org/wiki/Apertium-kha'
PACKAGE_VERSION='0.1.0'
PATH_SEPARATOR=':'
PKG_CONFIG='/usr/bin/pkg-config'
PKG_CONFIG_LIBDIR=''
PKG_CONFIG_PATH=':/usr/local/share/pkgconfig:/usr/local/lib/pkgconfig'
SET_MAKE=''
SHELL='/bin/bash'
STRIP=''
VERSION='0.1.0'
am__isrc=''
am__leading_dot='.'
am__tar='$${TAR-tar} chof - "$$tardir"'
am__untar='$${TAR-tar} xf -'
bindir='${exec_prefix}/bin'
build_alias=''
datadir='${datarootdir}'
datarootdir='${prefix}/share'
docdir='${datarootdir}/doc/${PACKAGE_TARNAME}'
dvidir='${docdir}'
exec_prefix='${prefix}'
host_alias=''
htmldir='${docdir}'
includedir='${prefix}/include'
infodir='${datarootdir}/info'
install_sh='${SHELL} /home/swatstudent/Source/Khasi_Transducer/install-sh'
libdir='${exec_prefix}/lib'
libexecdir='${exec_prefix}/libexec'
localedir='${datarootdir}/locale'
localstatedir='${prefix}/var'
mandir='${datarootdir}/man'
mkdir_p='$(MKDIR_P)'
oldincludedir='/usr/include'
pdfdir='${docdir}'
prefix='/usr/local'
program_transform_name='s,x,x,'
psdir='${docdir}'
sbindir='${exec_prefix}/sbin'
sharedstatedir='${prefix}/com'
sysconfdir='${prefix}/etc'
target_alias=''

## ------------------- ##
## File substitutions. ##
## ------------------- ##

ap_include='./ap_include.am'

## ----------- ##
## confdefs.h. ##
## ----------- ##

/* confdefs.h */
#define PACKAGE_NAME "Apertium Khasi"
#define PACKAGE_TARNAME "apertium-kha"
#define PACKAGE_VERSION "0.1.0"
#define PACKAGE_STRING "Apertium Khasi 0.1.0"
#define PACKAGE_BUGREPORT "apertium-stuff@lists.sourceforge.net"
#define PACKAGE_URL "http://wiki.apertium.org/wiki/Apertium-kha"
#define PACKAGE "apertium-kha"
#define VERSION "0.1.0"

configure: exit 0
